<?xml version="1.0" encoding="UTF-8"?>
<!-- Generated by org.testng.reporters.JUnitXMLReporter -->
<testsuite hostname="Yvonnes-MBP" ignored="0" name="Default test" tests="2" failures="2" timestamp="18 Jun 2019 21:06:23 GMT" time="2.665" errors="0">
  <testcase name="testVideoGameSerializationXml" time="2.491" classname="serialisationDeserialisation.VideoGameAPITestWithSerializationXML">
    <failure type="java.lang.AssertionError" message="1 expectation failed.
Response body doesn&amp;apos;t match expectation.
Expected: &amp;quot;{\&amp;quot;status\&amp;quot;: \&amp;quot;Record Added Successfully\&amp;quot;}&amp;quot;
  Actual: &amp;lt;?xml version=&amp;quot;1.0&amp;quot; encoding=&amp;quot;UTF-8&amp;quot; standalone=&amp;quot;yes&amp;quot;?&amp;gt;&amp;lt;videoGames&amp;gt;&amp;lt;videoGame category=&amp;quot;Shooter&amp;quot; rating=&amp;quot;Universal&amp;quot;&amp;gt;&amp;lt;id&amp;gt;1&amp;lt;/id&amp;gt;&amp;lt;name&amp;gt;Resident Evil 4&amp;lt;/name&amp;gt;&amp;lt;releaseDate&amp;gt;2005-10-01T00:00:00+01:00&amp;lt;/releaseDate&amp;gt;&amp;lt;reviewScore&amp;gt;85&amp;lt;/reviewScore&amp;gt;&amp;lt;/videoGame&amp;gt;&amp;lt;videoGame category=&amp;quot;Driving&amp;quot; rating=&amp;quot;Universal&amp;quot;&amp;gt;&amp;lt;id&amp;gt;2&amp;lt;/id&amp;gt;&amp;lt;name&amp;gt;Gran Turismo 3&amp;lt;/name&amp;gt;&amp;lt;releaseDate&amp;gt;2001-03-10T00:00:00Z&amp;lt;/releaseDate&amp;gt;&amp;lt;reviewScore&amp;gt;91&amp;lt;/reviewScore&amp;gt;&amp;lt;/videoGame&amp;gt;&amp;lt;videoGame category=&amp;quot;Puzzle&amp;quot; rating=&amp;quot;Universal&amp;quot;&amp;gt;&amp;lt;id&amp;gt;3&amp;lt;/id&amp;gt;&amp;lt;name&amp;gt;Tetris&amp;lt;/name&amp;gt;&amp;lt;releaseDate&amp;gt;1984-06-25T00:00:00+01:00&amp;lt;/releaseDate&amp;gt;&amp;lt;reviewScore&amp;gt;88&amp;lt;/reviewScore&amp;gt;&amp;lt;/videoGame&amp;gt;&amp;lt;videoGame category=&amp;quot;Platform&amp;quot; rating=&amp;quot;Universal&amp;quot;&amp;gt;&amp;lt;id&amp;gt;4&amp;lt;/id&amp;gt;&amp;lt;name&amp;gt;Super Mario 64&amp;lt;/name&amp;gt;&amp;lt;releaseDate&amp;gt;1996-10-20T00:00:00+01:00&amp;lt;/releaseDate&amp;gt;&amp;lt;reviewScore&amp;gt;90&amp;lt;/reviewScore&amp;gt;&amp;lt;/videoGame&amp;gt;&amp;lt;videoGame category=&amp;quot;Adventure&amp;quot; rating=&amp;quot;PG-13&amp;quot;&amp;gt;&amp;lt;id&amp;gt;5&amp;lt;/id&amp;gt;&amp;lt;name&amp;gt;The Legend of Zelda: Ocarina of Time&amp;lt;/name&amp;gt;&amp;lt;releaseDate&amp;gt;1998-12-10T00:00:00Z&amp;lt;/releaseDate&amp;gt;&amp;lt;reviewScore&amp;gt;93&amp;lt;/reviewScore&amp;gt;&amp;lt;/videoGame&amp;gt;&amp;lt;videoGame category=&amp;quot;Shooter&amp;quot; rating=&amp;quot;Mature&amp;quot;&amp;gt;&amp;lt;id&amp;gt;6&amp;lt;/id&amp;gt;&amp;lt;name&amp;gt;Doom&amp;lt;/name&amp;gt;&amp;lt;releaseDate&amp;gt;1993-02-18T00:00:00Z&amp;lt;/releaseDate&amp;gt;&amp;lt;reviewScore&amp;gt;81&amp;lt;/reviewScore&amp;gt;&amp;lt;/videoGame&amp;gt;&amp;lt;videoGame category=&amp;quot;Puzzle&amp;quot; rating=&amp;quot;Universal&amp;quot;&amp;gt;&amp;lt;id&amp;gt;7&amp;lt;/id&amp;gt;&amp;lt;name&amp;gt;Minecraft&amp;lt;/name&amp;gt;&amp;lt;releaseDate&amp;gt;2011-12-05T00:00:00Z&amp;lt;/releaseDate&amp;gt;&amp;lt;reviewScore&amp;gt;77&amp;lt;/reviewScore&amp;gt;&amp;lt;/videoGame&amp;gt;&amp;lt;videoGame category=&amp;quot;Strategy&amp;quot; rating=&amp;quot;Universal&amp;quot;&amp;gt;&amp;lt;id&amp;gt;8&amp;lt;/id&amp;gt;&amp;lt;name&amp;gt;SimCity 2000&amp;lt;/name&amp;gt;&amp;lt;releaseDate&amp;gt;1994-09-11T00:00:00+01:00&amp;lt;/releaseDate&amp;gt;&amp;lt;reviewScore&amp;gt;88&amp;lt;/reviewScore&amp;gt;&amp;lt;/videoGame&amp;gt;&amp;lt;videoGame category=&amp;quot;RPG&amp;quot; rating=&amp;quot;PG-13&amp;quot;&amp;gt;&amp;lt;id&amp;gt;9&amp;lt;/id&amp;gt;&amp;lt;name&amp;gt;Final Fantasy VII&amp;lt;/name&amp;gt;&amp;lt;releaseDate&amp;gt;1997-08-20T00:00:00+01:00&amp;lt;/releaseDate&amp;gt;&amp;lt;reviewScore&amp;gt;97&amp;lt;/reviewScore&amp;gt;&amp;lt;/videoGame&amp;gt;&amp;lt;videoGame category=&amp;quot;Driving&amp;quot; rating=&amp;quot;Mature&amp;quot;&amp;gt;&amp;lt;id&amp;gt;10&amp;lt;/id&amp;gt;&amp;lt;name&amp;gt;Grand Theft Auto III&amp;lt;/name&amp;gt;&amp;lt;releaseDate&amp;gt;2001-04-23T00:00:00+01:00&amp;lt;/releaseDate&amp;gt;&amp;lt;reviewScore&amp;gt;90&amp;lt;/reviewScore&amp;gt;&amp;lt;/videoGame&amp;gt;&amp;lt;/videoGames&amp;gt;
">
      <![CDATA[java.lang.AssertionError: 1 expectation failed.
Response body doesn't match expectation.
Expected: "{\"status\": \"Record Added Successfully\"}"
  Actual: <?xml version="1.0" encoding="UTF-8" standalone="yes"?><videoGames><videoGame category="Shooter" rating="Universal"><id>1</id><name>Resident Evil 4</name><releaseDate>2005-10-01T00:00:00+01:00</releaseDate><reviewScore>85</reviewScore></videoGame><videoGame category="Driving" rating="Universal"><id>2</id><name>Gran Turismo 3</name><releaseDate>2001-03-10T00:00:00Z</releaseDate><reviewScore>91</reviewScore></videoGame><videoGame category="Puzzle" rating="Universal"><id>3</id><name>Tetris</name><releaseDate>1984-06-25T00:00:00+01:00</releaseDate><reviewScore>88</reviewScore></videoGame><videoGame category="Platform" rating="Universal"><id>4</id><name>Super Mario 64</name><releaseDate>1996-10-20T00:00:00+01:00</releaseDate><reviewScore>90</reviewScore></videoGame><videoGame category="Adventure" rating="PG-13"><id>5</id><name>The Legend of Zelda: Ocarina of Time</name><releaseDate>1998-12-10T00:00:00Z</releaseDate><reviewScore>93</reviewScore></videoGame><videoGame category="Shooter" rating="Mature"><id>6</id><name>Doom</name><releaseDate>1993-02-18T00:00:00Z</releaseDate><reviewScore>81</reviewScore></videoGame><videoGame category="Puzzle" rating="Universal"><id>7</id><name>Minecraft</name><releaseDate>2011-12-05T00:00:00Z</releaseDate><reviewScore>77</reviewScore></videoGame><videoGame category="Strategy" rating="Universal"><id>8</id><name>SimCity 2000</name><releaseDate>1994-09-11T00:00:00+01:00</releaseDate><reviewScore>88</reviewScore></videoGame><videoGame category="RPG" rating="PG-13"><id>9</id><name>Final Fantasy VII</name><releaseDate>1997-08-20T00:00:00+01:00</releaseDate><reviewScore>97</reviewScore></videoGame><videoGame category="Driving" rating="Mature"><id>10</id><name>Grand Theft Auto III</name><releaseDate>2001-04-23T00:00:00+01:00</releaseDate><reviewScore>90</reviewScore></videoGame></videoGames>

at sun.reflect.NativeConstructorAccessorImpl.newInstance0(Native Method)
at sun.reflect.NativeConstructorAccessorImpl.newInstance(NativeConstructorAccessorImpl.java:62)
at sun.reflect.DelegatingConstructorAccessorImpl.newInstance(DelegatingConstructorAccessorImpl.java:45)
at java.lang.reflect.Constructor.newInstance(Constructor.java:423)
at org.codehaus.groovy.reflection.CachedConstructor.invoke(CachedConstructor.java:80)
at org.codehaus.groovy.reflection.CachedConstructor.doConstructorInvoke(CachedConstructor.java:74)
at org.codehaus.groovy.runtime.callsite.ConstructorSite$ConstructorSiteNoUnwrap.callConstructor(ConstructorSite.java:84)
at org.codehaus.groovy.runtime.callsite.CallSiteArray.defaultCallConstructor(CallSiteArray.java:59)
at org.codehaus.groovy.runtime.callsite.AbstractCallSite.callConstructor(AbstractCallSite.java:237)
at org.codehaus.groovy.runtime.callsite.AbstractCallSite.callConstructor(AbstractCallSite.java:249)
at io.restassured.internal.ResponseSpecificationImpl$HamcrestAssertionClosure.validate(ResponseSpecificationImpl.groovy:492)
at io.restassured.internal.ResponseSpecificationImpl$HamcrestAssertionClosure$validate$1.call(Unknown Source)
at org.codehaus.groovy.runtime.callsite.CallSiteArray.defaultCall(CallSiteArray.java:47)
at org.codehaus.groovy.runtime.callsite.AbstractCallSite.call(AbstractCallSite.java:115)
at org.codehaus.groovy.runtime.callsite.AbstractCallSite.call(AbstractCallSite.java:127)
at io.restassured.internal.ResponseSpecificationImpl.validateResponseIfRequired(ResponseSpecificationImpl.groovy:655)
at sun.reflect.NativeMethodAccessorImpl.invoke0(Native Method)
at sun.reflect.NativeMethodAccessorImpl.invoke(NativeMethodAccessorImpl.java:62)
at sun.reflect.DelegatingMethodAccessorImpl.invoke(DelegatingMethodAccessorImpl.java:43)
at java.lang.reflect.Method.invoke(Method.java:498)
at org.codehaus.groovy.runtime.callsite.PlainObjectMetaMethodSite.doInvoke(PlainObjectMetaMethodSite.java:43)
at org.codehaus.groovy.runtime.callsite.PogoMetaMethodSite$PogoCachedMethodSiteNoUnwrapNoCoerce.invoke(PogoMetaMethodSite.java:190)
at org.codehaus.groovy.runtime.callsite.PogoMetaMethodSite.callCurrent(PogoMetaMethodSite.java:58)
at org.codehaus.groovy.runtime.callsite.CallSiteArray.defaultCallCurrent(CallSiteArray.java:51)
at org.codehaus.groovy.runtime.callsite.AbstractCallSite.callCurrent(AbstractCallSite.java:156)
at org.codehaus.groovy.runtime.callsite.AbstractCallSite.callCurrent(AbstractCallSite.java:168)
at io.restassured.internal.ResponseSpecificationImpl.body(ResponseSpecificationImpl.groovy:97)
at io.restassured.internal.ValidatableResponseOptionsImpl.body(ValidatableResponseOptionsImpl.java:238)
at io.restassured.internal.ValidatableResponseImpl.super$2$body(ValidatableResponseImpl.groovy)
at sun.reflect.NativeMethodAccessorImpl.invoke0(Native Method)
at sun.reflect.NativeMethodAccessorImpl.invoke(NativeMethodAccessorImpl.java:62)
at sun.reflect.DelegatingMethodAccessorImpl.invoke(DelegatingMethodAccessorImpl.java:43)
at java.lang.reflect.Method.invoke(Method.java:498)
at org.codehaus.groovy.reflection.CachedMethod.invoke(CachedMethod.java:101)
at groovy.lang.MetaMethod.doMethodInvoke(MetaMethod.java:323)
at groovy.lang.MetaClassImpl.invokeMethod(MetaClassImpl.java:1217)
at org.codehaus.groovy.runtime.ScriptBytecodeAdapter.invokeMethodOnSuperN(ScriptBytecodeAdapter.java:144)
at io.restassured.internal.ValidatableResponseImpl.body(ValidatableResponseImpl.groovy:293)
at io.restassured.internal.ValidatableResponseImpl.body(ValidatableResponseImpl.groovy)
at serialisationDeserialisation.VideoGameAPITestWithSerializationXML.testVideoGameSerializationXml(VideoGameAPITestWithSerializationXML.java:31)
at sun.reflect.NativeMethodAccessorImpl.invoke0(Native Method)
at sun.reflect.NativeMethodAccessorImpl.invoke(NativeMethodAccessorImpl.java:62)
at sun.reflect.DelegatingMethodAccessorImpl.invoke(DelegatingMethodAccessorImpl.java:43)
at java.lang.reflect.Method.invoke(Method.java:498)
at org.testng.internal.MethodInvocationHelper.invokeMethod(MethodInvocationHelper.java:124)
at org.testng.internal.Invoker.invokeMethod(Invoker.java:583)
at org.testng.internal.Invoker.invokeTestMethod(Invoker.java:719)
at org.testng.internal.Invoker.invokeTestMethods(Invoker.java:989)
at org.testng.internal.TestMethodWorker.invokeTestMethods(TestMethodWorker.java:125)
at org.testng.internal.TestMethodWorker.run(TestMethodWorker.java:109)
at org.testng.TestRunner.privateRun(TestRunner.java:648)
at org.testng.TestRunner.run(TestRunner.java:505)
at org.testng.SuiteRunner.runTest(SuiteRunner.java:455)
at org.testng.SuiteRunner.runSequentially(SuiteRunner.java:450)
at org.testng.SuiteRunner.privateRun(SuiteRunner.java:415)
at org.testng.SuiteRunner.run(SuiteRunner.java:364)
at org.testng.SuiteRunnerWorker.runSuite(SuiteRunnerWorker.java:52)
at org.testng.SuiteRunnerWorker.run(SuiteRunnerWorker.java:84)
at org.testng.TestNG.runSuitesSequentially(TestNG.java:1208)
at org.testng.TestNG.runSuitesLocally(TestNG.java:1137)
at org.testng.TestNG.runSuites(TestNG.java:1049)
at org.testng.TestNG.run(TestNG.java:1017)
at org.testng.remote.AbstractRemoteTestNG.run(AbstractRemoteTestNG.java:114)
at org.testng.remote.RemoteTestNG.initAndRun(RemoteTestNG.java:251)
at org.testng.remote.RemoteTestNG.main(RemoteTestNG.java:77)
]]>
    </failure>
  </testcase> <!-- testVideoGameSerializationXml -->
  <testcase name="testVideoGameDeSerilizationXml" time="0.133" classname="serialisationDeserialisation.VideoGameAPITestWithSerializationXML">
    <failure type="javax.xml.bind.UnmarshalException" message="unexpected element (uri:&amp;quot;&amp;quot;, local:&amp;quot;Map&amp;quot;). Expected elements are &amp;lt;{}videoGame&amp;gt;">
      <![CDATA[javax.xml.bind.UnmarshalException: unexpected element (uri:"", local:"Map"). Expected elements are <{}videoGame>
at com.sun.xml.bind.v2.runtime.unmarshaller.UnmarshallingContext.handleEvent(UnmarshallingContext.java:740)
at com.sun.xml.bind.v2.runtime.unmarshaller.Loader.reportError(Loader.java:262)
at com.sun.xml.bind.v2.runtime.unmarshaller.Loader.reportError(Loader.java:257)
at com.sun.xml.bind.v2.runtime.unmarshaller.Loader.reportUnexpectedChildElement(Loader.java:124)
at com.sun.xml.bind.v2.runtime.unmarshaller.UnmarshallingContext$DefaultRootLoader.childElement(UnmarshallingContext.java:1148)
at com.sun.xml.bind.v2.runtime.unmarshaller.UnmarshallingContext._startElement(UnmarshallingContext.java:573)
at com.sun.xml.bind.v2.runtime.unmarshaller.UnmarshallingContext.startElement(UnmarshallingContext.java:555)
at com.sun.xml.bind.v2.runtime.unmarshaller.SAXConnector.startElement(SAXConnector.java:168)
at com.sun.org.apache.xerces.internal.parsers.AbstractSAXParser.startElement(AbstractSAXParser.java:509)
at com.sun.org.apache.xerces.internal.impl.XMLNSDocumentScannerImpl.scanStartElement(XMLNSDocumentScannerImpl.java:374)
at com.sun.org.apache.xerces.internal.impl.XMLNSDocumentScannerImpl$NSContentDriver.scanRootElementHook(XMLNSDocumentScannerImpl.java:613)
at com.sun.org.apache.xerces.internal.impl.XMLDocumentFragmentScannerImpl$FragmentContentDriver.next(XMLDocumentFragmentScannerImpl.java:3132)
at com.sun.org.apache.xerces.internal.impl.XMLDocumentScannerImpl$PrologDriver.next(XMLDocumentScannerImpl.java:852)
at com.sun.org.apache.xerces.internal.impl.XMLDocumentScannerImpl.next(XMLDocumentScannerImpl.java:602)
at com.sun.org.apache.xerces.internal.impl.XMLNSDocumentScannerImpl.next(XMLNSDocumentScannerImpl.java:112)
at com.sun.org.apache.xerces.internal.impl.XMLDocumentFragmentScannerImpl.scanDocument(XMLDocumentFragmentScannerImpl.java:505)
at com.sun.org.apache.xerces.internal.parsers.XML11Configuration.parse(XML11Configuration.java:842)
at com.sun.org.apache.xerces.internal.parsers.XML11Configuration.parse(XML11Configuration.java:771)
at com.sun.org.apache.xerces.internal.parsers.XMLParser.parse(XMLParser.java:141)
at com.sun.org.apache.xerces.internal.parsers.AbstractSAXParser.parse(AbstractSAXParser.java:1213)
at com.sun.org.apache.xerces.internal.jaxp.SAXParserImpl$JAXPSAXParser.parse(SAXParserImpl.java:643)
at com.sun.xml.bind.v2.runtime.unmarshaller.UnmarshallerImpl.unmarshal0(UnmarshallerImpl.java:258)
at com.sun.xml.bind.v2.runtime.unmarshaller.UnmarshallerImpl.unmarshal(UnmarshallerImpl.java:229)
at javax.xml.bind.helpers.AbstractUnmarshallerImpl.unmarshal(AbstractUnmarshallerImpl.java:157)
at javax.xml.bind.helpers.AbstractUnmarshallerImpl.unmarshal(AbstractUnmarshallerImpl.java:214)
at javax.xml.bind.Unmarshaller$unmarshal.call(Unknown Source)
at org.codehaus.groovy.runtime.callsite.CallSiteArray.defaultCall(CallSiteArray.java:47)
at org.codehaus.groovy.runtime.callsite.AbstractCallSite.call(AbstractCallSite.java:115)
at org.codehaus.groovy.runtime.callsite.AbstractCallSite.call(AbstractCallSite.java:127)
at io.restassured.internal.path.xml.mapping.XmlPathJaxbObjectDeserializer.deserialize(XmlPathJaxbObjectDeserializer.groovy:47)
at io.restassured.path.xml.mapping.XmlPathObjectDeserializer$deserialize.call(Unknown Source)
at org.codehaus.groovy.runtime.callsite.CallSiteArray.defaultCall(CallSiteArray.java:47)
at org.codehaus.groovy.runtime.callsite.AbstractCallSite.call(AbstractCallSite.java:115)
at org.codehaus.groovy.runtime.callsite.AbstractCallSite.call(AbstractCallSite.java:127)
at io.restassured.internal.mapping.JaxbMapper.deserialize(JaxbMapper.groovy:40)
at io.restassured.mapper.ObjectMapper$deserialize$0.call(Unknown Source)
at org.codehaus.groovy.runtime.callsite.CallSiteArray.defaultCall(CallSiteArray.java:47)
at org.codehaus.groovy.runtime.callsite.AbstractCallSite.call(AbstractCallSite.java:115)
at org.codehaus.groovy.runtime.callsite.AbstractCallSite.call(AbstractCallSite.java:127)
at io.restassured.internal.mapping.ObjectMapping.parseWithJaxb(ObjectMapping.groovy:209)
at sun.reflect.NativeMethodAccessorImpl.invoke0(Native Method)
at sun.reflect.NativeMethodAccessorImpl.invoke(NativeMethodAccessorImpl.java:62)
at sun.reflect.DelegatingMethodAccessorImpl.invoke(DelegatingMethodAccessorImpl.java:43)
at java.lang.reflect.Method.invoke(Method.java:498)
at org.codehaus.groovy.reflection.CachedMethod.invoke(CachedMethod.java:101)
at org.codehaus.groovy.runtime.callsite.StaticMetaMethodSite$StaticMetaMethodSiteNoUnwrapNoCoerce.invoke(StaticMetaMethodSite.java:149)
at org.codehaus.groovy.runtime.callsite.StaticMetaMethodSite.callStatic(StaticMetaMethodSite.java:100)
at org.codehaus.groovy.runtime.callsite.CallSiteArray.defaultCallStatic(CallSiteArray.java:55)
at org.codehaus.groovy.runtime.callsite.AbstractCallSite.callStatic(AbstractCallSite.java:196)
at org.codehaus.groovy.runtime.callsite.AbstractCallSite.callStatic(AbstractCallSite.java:216)
at io.restassured.internal.mapping.ObjectMapping.deserialize(ObjectMapping.groovy:69)
at io.restassured.internal.mapping.ObjectMapping$deserialize$0.call(Unknown Source)
at org.codehaus.groovy.runtime.callsite.CallSiteArray.defaultCall(CallSiteArray.java:47)
at org.codehaus.groovy.runtime.callsite.AbstractCallSite.call(AbstractCallSite.java:115)
at io.restassured.internal.RestAssuredResponseOptionsGroovyImpl.as(RestAssuredResponseOptionsGroovyImpl.groovy:224)
at io.restassured.internal.RestAssuredResponseOptionsImpl.as(RestAssuredResponseOptionsImpl.java:169)
at serialisationDeserialisation.VideoGameAPITestWithSerializationXML.testVideoGameDeSerilizationXml(VideoGameAPITestWithSerializationXML.java:40)
at sun.reflect.NativeMethodAccessorImpl.invoke0(Native Method)
at sun.reflect.NativeMethodAccessorImpl.invoke(NativeMethodAccessorImpl.java:62)
at sun.reflect.DelegatingMethodAccessorImpl.invoke(DelegatingMethodAccessorImpl.java:43)
at java.lang.reflect.Method.invoke(Method.java:498)
at org.testng.internal.MethodInvocationHelper.invokeMethod(MethodInvocationHelper.java:124)
at org.testng.internal.Invoker.invokeMethod(Invoker.java:583)
at org.testng.internal.Invoker.invokeTestMethod(Invoker.java:719)
at org.testng.internal.Invoker.invokeTestMethods(Invoker.java:989)
at org.testng.internal.TestMethodWorker.invokeTestMethods(TestMethodWorker.java:125)
at org.testng.internal.TestMethodWorker.run(TestMethodWorker.java:109)
at org.testng.TestRunner.privateRun(TestRunner.java:648)
at org.testng.TestRunner.run(TestRunner.java:505)
at org.testng.SuiteRunner.runTest(SuiteRunner.java:455)
at org.testng.SuiteRunner.runSequentially(SuiteRunner.java:450)
at org.testng.SuiteRunner.privateRun(SuiteRunner.java:415)
at org.testng.SuiteRunner.run(SuiteRunner.java:364)
at org.testng.SuiteRunnerWorker.runSuite(SuiteRunnerWorker.java:52)
at org.testng.SuiteRunnerWorker.run(SuiteRunnerWorker.java:84)
at org.testng.TestNG.runSuitesSequentially(TestNG.java:1208)
at org.testng.TestNG.runSuitesLocally(TestNG.java:1137)
at org.testng.TestNG.runSuites(TestNG.java:1049)
at org.testng.TestNG.run(TestNG.java:1017)
at org.testng.remote.AbstractRemoteTestNG.run(AbstractRemoteTestNG.java:114)
at org.testng.remote.RemoteTestNG.initAndRun(RemoteTestNG.java:251)
at org.testng.remote.RemoteTestNG.main(RemoteTestNG.java:77)
]]>
    </failure>
  </testcase> <!-- testVideoGameDeSerilizationXml -->
</testsuite> <!-- Default test -->
